<?xml version="1.0" encoding="UTF-8"?>
<testng-results skipped="0" failed="0" ignored="0" total="1" passed="1">
  <reporter-output>
    <line>
      <![CDATA[Difference of two arrays : [Canada, Brazil]]]>
    </line>
  </reporter-output>
  <suite name="Suite" duration-ms="47" started-at="2022-06-07T03:05:54Z" finished-at="2022-06-07T03:05:54Z">
    <groups>
    </groups>
    <test name="Compare Arrays" duration-ms="47" started-at="2022-06-07T03:05:54Z" finished-at="2022-06-07T03:05:54Z">
      <class name="testcases.TestCompareArrays">
        <test-method status="PASS" signature="testVerfiyArrays([Ljava.lang.String;, [Ljava.lang.String;)[pri:0, instance:testcases.TestCompareArrays@6767c1fc]" name="testVerfiyArrays" duration-ms="6" started-at="2022-06-07T03:05:54Z" data-provider="data" finished-at="2022-06-07T03:05:54Z">
          <params>
            <param index="0">
              <value>
                <![CDATA[[Ljava.lang.String;@3cef309d]]>
              </value>
            </param>
            <param index="1">
              <value>
                <![CDATA[[Ljava.lang.String;@32709393]]>
              </value>
            </param>
          </params>
          <reporter-output>
            <line>
              <![CDATA[Difference of two arrays : [Canada, Brazil]]]>
            </line>
          </reporter-output>
        </test-method> <!-- testVerfiyArrays -->
      </class> <!-- testcases.TestCompareArrays -->
    </test> <!-- Compare Arrays -->
  </suite> <!-- Suite -->
</testng-results>
